<?xml version="1.0" encoding="UTF-8"?>
<testsuite xmlns:xsi="http://www.w3.org/2001/XMLSchema-instance" xsi:noNamespaceSchemaLocation="https://maven.apache.org/surefire/maven-surefire-plugin/xsd/surefire-test-report.xsd" name="AI.Test.UITest.ManagerUITest" time="20.915" tests="1" errors="1" skipped="0" failures="0">
  <properties>
    <property name="sun.desktop" value="windows"/>
    <property name="awt.toolkit" value="sun.awt.windows.WToolkit"/>
    <property name="file.encoding.pkg" value="sun.io"/>
    <property name="java.specification.version" value="1.8"/>
    <property name="sun.cpu.isalist" value="amd64"/>
    <property name="sun.jnu.encoding" value="GBK"/>
    <property name="java.class.path" value="C:\Users\18302\IdeaProjects\framework\target\test-classes;C:\Users\18302\IdeaProjects\framework\target\classes;C:\Users\18302\.m2\repository\org\junit\jupiter\junit-jupiter\5.7.0\junit-jupiter-5.7.0.jar;C:\Users\18302\.m2\repository\org\junit\jupiter\junit-jupiter-api\5.7.0\junit-jupiter-api-5.7.0.jar;C:\Users\18302\.m2\repository\org\opentest4j\opentest4j\1.2.0\opentest4j-1.2.0.jar;C:\Users\18302\.m2\repository\org\junit\platform\junit-platform-commons\1.7.0\junit-platform-commons-1.7.0.jar;C:\Users\18302\.m2\repository\org\junit\jupiter\junit-jupiter-params\5.7.0\junit-jupiter-params-5.7.0.jar;C:\Users\18302\.m2\repository\org\junit\jupiter\junit-jupiter-engine\5.7.0\junit-jupiter-engine-5.7.0.jar;C:\Users\18302\.m2\repository\org\junit\platform\junit-platform-runner\1.7.0\junit-platform-runner-1.7.0.jar;C:\Users\18302\.m2\repository\junit\junit\4.13\junit-4.13.jar;C:\Users\18302\.m2\repository\org\apiguardian\apiguardian-api\1.1.0\apiguardian-api-1.1.0.jar;C:\Users\18302\.m2\repository\org\junit\platform\junit-platform-suite-api\1.7.0\junit-platform-suite-api-1.7.0.jar;C:\Users\18302\.m2\repository\org\junit\platform\junit-platform-launcher\1.7.0\junit-platform-launcher-1.7.0.jar;C:\Users\18302\.m2\repository\org\junit\platform\junit-platform-engine\1.7.0\junit-platform-engine-1.7.0.jar;C:\Users\18302\.m2\repository\org\junit\platform\junit-platform-console-standalone\1.7.0\junit-platform-console-standalone-1.7.0.jar;C:\Users\18302\.m2\repository\io\qameta\allure\allure-junit5\2.13.2\allure-junit5-2.13.2.jar;C:\Users\18302\.m2\repository\io\qameta\allure\allure-junit-platform\2.13.2\allure-junit-platform-2.13.2.jar;C:\Users\18302\.m2\repository\org\projectlombok\lombok\1.18.20\lombok-1.18.20.jar;C:\Users\18302\.m2\repository\com\fasterxml\jackson\core\jackson-databind\2.9.8\jackson-databind-2.9.8.jar;C:\Users\18302\.m2\repository\com\fasterxml\jackson\core\jackson-annotations\2.9.0\jackson-annotations-2.9.0.jar;C:\Users\18302\.m2\repository\com\fasterxml\jackson\dataformat\jackson-dataformat-yaml\2.11.3\jackson-dataformat-yaml-2.11.3.jar;C:\Users\18302\.m2\repository\org\yaml\snakeyaml\1.26\snakeyaml-1.26.jar;C:\Users\18302\.m2\repository\org\seleniumhq\selenium\selenium-server\3.141.59\selenium-server-3.141.59.jar;C:\Users\18302\.m2\repository\org\seleniumhq\selenium\selenium-api\3.141.59\selenium-api-3.141.59.jar;C:\Users\18302\.m2\repository\org\seleniumhq\selenium\selenium-chrome-driver\3.141.59\selenium-chrome-driver-3.141.59.jar;C:\Users\18302\.m2\repository\org\seleniumhq\selenium\selenium-edge-driver\3.141.59\selenium-edge-driver-3.141.59.jar;C:\Users\18302\.m2\repository\org\seleniumhq\selenium\selenium-firefox-driver\3.141.59\selenium-firefox-driver-3.141.59.jar;C:\Users\18302\.m2\repository\org\seleniumhq\selenium\selenium-ie-driver\3.141.59\selenium-ie-driver-3.141.59.jar;C:\Users\18302\.m2\repository\org\seleniumhq\selenium\selenium-opera-driver\3.141.59\selenium-opera-driver-3.141.59.jar;C:\Users\18302\.m2\repository\org\seleniumhq\selenium\selenium-remote-driver\3.141.59\selenium-remote-driver-3.141.59.jar;C:\Users\18302\.m2\repository\org\seleniumhq\selenium\selenium-safari-driver\3.141.59\selenium-safari-driver-3.141.59.jar;C:\Users\18302\.m2\repository\org\seleniumhq\selenium\selenium-support\3.141.59\selenium-support-3.141.59.jar;C:\Users\18302\.m2\repository\com\beust\jcommander\1.72\jcommander-1.72.jar;C:\Users\18302\.m2\repository\net\bytebuddy\byte-buddy\1.8.15\byte-buddy-1.8.15.jar;C:\Users\18302\.m2\repository\org\apache\commons\commons-exec\1.3\commons-exec-1.3.jar;C:\Users\18302\.m2\repository\com\google\guava\guava\25.0-jre\guava-25.0-jre.jar;C:\Users\18302\.m2\repository\com\google\code\findbugs\jsr305\1.3.9\jsr305-1.3.9.jar;C:\Users\18302\.m2\repository\org\checkerframework\checker-compat-qual\2.0.0\checker-compat-qual-2.0.0.jar;C:\Users\18302\.m2\repository\com\google\errorprone\error_prone_annotations\2.1.3\error_prone_annotations-2.1.3.jar;C:\Users\18302\.m2\repository\com\google\j2objc\j2objc-annotations\1.1\j2objc-annotations-1.1.jar;C:\Users\18302\.m2\repository\org\codehaus\mojo\animal-sniffer-annotations\1.14\animal-sniffer-annotations-1.14.jar;C:\Users\18302\.m2\repository\net\jcip\jcip-annotations\1.0\jcip-annotations-1.0.jar;C:\Users\18302\.m2\repository\org\seleniumhq\selenium\jetty-repacked\9.4.12.v20180830\jetty-repacked-9.4.12.v20180830.jar;C:\Users\18302\.m2\repository\com\squareup\okhttp3\okhttp\3.11.0\okhttp-3.11.0.jar;C:\Users\18302\.m2\repository\com\squareup\okio\okio\1.14.0\okio-1.14.0.jar;C:\Users\18302\.m2\repository\javax\servlet\javax.servlet-api\3.1.0\javax.servlet-api-3.1.0.jar;C:\Users\18302\.m2\repository\org\testng\testng\6.10\testng-6.10.jar;C:\Users\18302\.m2\repository\com\opencsv\opencsv\5.2\opencsv-5.2.jar;C:\Users\18302\.m2\repository\org\apache\commons\commons-lang3\3.10\commons-lang3-3.10.jar;C:\Users\18302\.m2\repository\org\apache\commons\commons-text\1.8\commons-text-1.8.jar;C:\Users\18302\.m2\repository\commons-beanutils\commons-beanutils\1.9.4\commons-beanutils-1.9.4.jar;C:\Users\18302\.m2\repository\commons-collections\commons-collections\3.2.2\commons-collections-3.2.2.jar;C:\Users\18302\.m2\repository\org\apache\commons\commons-collections4\4.4\commons-collections4-4.4.jar;C:\Users\18302\.m2\repository\io\qameta\allure\allure-testng\2.13.6\allure-testng-2.13.6.jar;C:\Users\18302\.m2\repository\io\qameta\allure\allure-java-commons\2.13.6\allure-java-commons-2.13.6.jar;C:\Users\18302\.m2\repository\io\qameta\allure\allure-model\2.13.6\allure-model-2.13.6.jar;C:\Users\18302\.m2\repository\org\apache\tika\tika-core\1.24.1\tika-core-1.24.1.jar;C:\Users\18302\.m2\repository\org\jooq\joor-java-8\0.9.13\joor-java-8-0.9.13.jar;C:\Users\18302\.m2\repository\io\appium\java-client\7.5.1\java-client-7.5.1.jar;C:\Users\18302\.m2\repository\com\google\code\gson\gson\2.8.6\gson-2.8.6.jar;C:\Users\18302\.m2\repository\org\apache\httpcomponents\httpclient\4.5.13\httpclient-4.5.13.jar;C:\Users\18302\.m2\repository\cglib\cglib\3.3.0\cglib-3.3.0.jar;C:\Users\18302\.m2\repository\commons-validator\commons-validator\1.7\commons-validator-1.7.jar;C:\Users\18302\.m2\repository\commons-digester\commons-digester\2.1\commons-digester-2.1.jar;C:\Users\18302\.m2\repository\commons-io\commons-io\2.8.0\commons-io-2.8.0.jar;C:\Users\18302\.m2\repository\org\springframework\spring-context\5.3.4\spring-context-5.3.4.jar;C:\Users\18302\.m2\repository\org\springframework\spring-aop\5.3.4\spring-aop-5.3.4.jar;C:\Users\18302\.m2\repository\org\springframework\spring-beans\5.3.4\spring-beans-5.3.4.jar;C:\Users\18302\.m2\repository\org\springframework\spring-core\5.3.4\spring-core-5.3.4.jar;C:\Users\18302\.m2\repository\org\springframework\spring-jcl\5.3.4\spring-jcl-5.3.4.jar;C:\Users\18302\.m2\repository\org\springframework\spring-expression\5.3.4\spring-expression-5.3.4.jar;C:\Users\18302\.m2\repository\org\aspectj\aspectjweaver\1.9.6\aspectjweaver-1.9.6.jar;C:\Users\18302\.m2\repository\org\slf4j\slf4j-api\1.7.30\slf4j-api-1.7.30.jar;C:\Users\18302\.m2\repository\com\fasterxml\jackson\core\jackson-core\2.11.3\jackson-core-2.11.3.jar;C:\Users\18302\.m2\repository\io\rest-assured\rest-assured\4.4.0\rest-assured-4.4.0.jar;C:\Users\18302\.m2\repository\org\codehaus\groovy\groovy\3.0.8\groovy-3.0.8.jar;C:\Users\18302\.m2\repository\org\codehaus\groovy\groovy-xml\3.0.8\groovy-xml-3.0.8.jar;C:\Users\18302\.m2\repository\org\apache\httpcomponents\httpmime\4.5.13\httpmime-4.5.13.jar;C:\Users\18302\.m2\repository\org\hamcrest\hamcrest\2.1\hamcrest-2.1.jar;C:\Users\18302\.m2\repository\org\ccil\cowan\tagsoup\tagsoup\1.2.1\tagsoup-1.2.1.jar;C:\Users\18302\.m2\repository\io\rest-assured\xml-path\4.4.0\xml-path-4.4.0.jar;C:\Users\18302\.m2\repository\jakarta\xml\bind\jakarta.xml.bind-api\2.3.3\jakarta.xml.bind-api-2.3.3.jar;C:\Users\18302\.m2\repository\jakarta\activation\jakarta.activation-api\1.2.2\jakarta.activation-api-1.2.2.jar;C:\Users\18302\.m2\repository\com\sun\xml\bind\jaxb-impl\2.3.3\jaxb-impl-2.3.3.jar;C:\Users\18302\.m2\repository\io\rest-assured\json-path\4.4.0\json-path-4.4.0.jar;C:\Users\18302\.m2\repository\org\codehaus\groovy\groovy-json\3.0.8\groovy-json-3.0.8.jar;C:\Users\18302\.m2\repository\io\rest-assured\rest-assured-common\4.4.0\rest-assured-common-4.4.0.jar;C:\Users\18302\.m2\repository\org\slf4j\slf4j-log4j12\1.7.25\slf4j-log4j12-1.7.25.jar;C:\Users\18302\.m2\repository\log4j\log4j\1.2.17\log4j-1.2.17.jar;C:\Users\18302\.m2\repository\com\github\tomakehurst\wiremock-jre8\2.28.0\wiremock-jre8-2.28.0.jar;C:\Users\18302\.m2\repository\org\eclipse\jetty\jetty-server\9.4.40.v20210413\jetty-server-9.4.40.v20210413.jar;C:\Users\18302\.m2\repository\org\eclipse\jetty\jetty-http\9.4.40.v20210413\jetty-http-9.4.40.v20210413.jar;C:\Users\18302\.m2\repository\org\eclipse\jetty\jetty-servlet\9.4.40.v20210413\jetty-servlet-9.4.40.v20210413.jar;C:\Users\18302\.m2\repository\org\eclipse\jetty\jetty-security\9.4.40.v20210413\jetty-security-9.4.40.v20210413.jar;C:\Users\18302\.m2\repository\org\eclipse\jetty\jetty-util-ajax\9.4.40.v20210413\jetty-util-ajax-9.4.40.v20210413.jar;C:\Users\18302\.m2\repository\org\eclipse\jetty\jetty-servlets\9.4.40.v20210413\jetty-servlets-9.4.40.v20210413.jar;C:\Users\18302\.m2\repository\org\eclipse\jetty\jetty-continuation\9.4.40.v20210413\jetty-continuation-9.4.40.v20210413.jar;C:\Users\18302\.m2\repository\org\eclipse\jetty\jetty-webapp\9.4.40.v20210413\jetty-webapp-9.4.40.v20210413.jar;C:\Users\18302\.m2\repository\org\eclipse\jetty\jetty-xml\9.4.40.v20210413\jetty-xml-9.4.40.v20210413.jar;C:\Users\18302\.m2\repository\org\eclipse\jetty\jetty-proxy\9.4.40.v20210413\jetty-proxy-9.4.40.v20210413.jar;C:\Users\18302\.m2\repository\org\eclipse\jetty\jetty-client\9.4.40.v20210413\jetty-client-9.4.40.v20210413.jar;C:\Users\18302\.m2\repository\org\eclipse\jetty\http2\http2-server\9.4.40.v20210413\http2-server-9.4.40.v20210413.jar;C:\Users\18302\.m2\repository\org\eclipse\jetty\http2\http2-common\9.4.40.v20210413\http2-common-9.4.40.v20210413.jar;C:\Users\18302\.m2\repository\org\eclipse\jetty\http2\http2-hpack\9.4.40.v20210413\http2-hpack-9.4.40.v20210413.jar;C:\Users\18302\.m2\repository\org\eclipse\jetty\jetty-alpn-server\9.4.40.v20210413\jetty-alpn-server-9.4.40.v20210413.jar;C:\Users\18302\.m2\repository\org\eclipse\jetty\jetty-alpn-conscrypt-server\9.4.40.v20210413\jetty-alpn-conscrypt-server-9.4.40.v20210413.jar;C:\Users\18302\.m2\repository\org\eclipse\jetty\jetty-alpn-conscrypt-client\9.4.40.v20210413\jetty-alpn-conscrypt-client-9.4.40.v20210413.jar;C:\Users\18302\.m2\repository\org\eclipse\jetty\jetty-alpn-client\9.4.40.v20210413\jetty-alpn-client-9.4.40.v20210413.jar;C:\Users\18302\.m2\repository\org\conscrypt\conscrypt-openjdk-uber\2.5.2\conscrypt-openjdk-uber-2.5.2.jar;C:\Users\18302\.m2\repository\org\xmlunit\xmlunit-core\2.8.2\xmlunit-core-2.8.2.jar;C:\Users\18302\.m2\repository\org\xmlunit\xmlunit-legacy\2.8.2\xmlunit-legacy-2.8.2.jar;C:\Users\18302\.m2\repository\org\xmlunit\xmlunit-placeholders\2.8.2\xmlunit-placeholders-2.8.2.jar;C:\Users\18302\.m2\repository\net\javacrumbs\json-unit\json-unit-core\2.25.0\json-unit-core-2.25.0.jar;C:\Users\18302\.m2\repository\com\jayway\jsonpath\json-path\2.5.0\json-path-2.5.0.jar;C:\Users\18302\.m2\repository\net\minidev\json-smart\2.4.7\json-smart-2.4.7.jar;C:\Users\18302\.m2\repository\net\minidev\accessors-smart\2.4.7\accessors-smart-2.4.7.jar;C:\Users\18302\.m2\repository\org\ow2\asm\asm\9.1\asm-9.1.jar;C:\Users\18302\.m2\repository\net\sf\jopt-simple\jopt-simple\5.0.4\jopt-simple-5.0.4.jar;C:\Users\18302\.m2\repository\com\github\jknack\handlebars\4.2.0\handlebars-4.2.0.jar;C:\Users\18302\.m2\repository\com\github\jknack\handlebars-helpers\4.2.0\handlebars-helpers-4.2.0.jar;C:\Users\18302\.m2\repository\commons-fileupload\commons-fileupload\1.4\commons-fileupload-1.4.jar;C:\Users\18302\.m2\repository\net\lightbody\bmp\browsermob-core\2.1.5\browsermob-core-2.1.5.jar;C:\Users\18302\.m2\repository\net\lightbody\bmp\littleproxy\1.1.0-beta-bmp-17\littleproxy-1.1.0-beta-bmp-17.jar;C:\Users\18302\.m2\repository\dnsjava\dnsjava\2.1.8\dnsjava-2.1.8.jar;C:\Users\18302\.m2\repository\org\slf4j\jcl-over-slf4j\1.7.25\jcl-over-slf4j-1.7.25.jar;C:\Users\18302\.m2\repository\com\jcraft\jzlib\1.1.3\jzlib-1.1.3.jar;C:\Users\18302\.m2\repository\io\netty\netty-all\4.0.51.Final\netty-all-4.0.51.Final.jar;C:\Users\18302\.m2\repository\org\bouncycastle\bcprov-jdk15on\1.58\bcprov-jdk15on-1.58.jar;C:\Users\18302\.m2\repository\org\bouncycastle\bcpkix-jdk15on\1.58\bcpkix-jdk15on-1.58.jar;C:\Users\18302\.m2\repository\net\lightbody\bmp\mitm\2.1.5\mitm-2.1.5.jar;C:\Users\18302\.m2\repository\com\alibaba\fastjson\1.2.7\fastjson-1.2.7.jar;C:\Users\18302\.m2\repository\com\aventstack\extentreports\3.0.3\extentreports-3.0.3.jar;C:\Users\18302\.m2\repository\org\freemarker\freemarker\2.3.23\freemarker-2.3.23.jar;C:\Users\18302\.m2\repository\org\mongodb\mongodb-driver\3.3.0\mongodb-driver-3.3.0.jar;C:\Users\18302\.m2\repository\org\mongodb\bson\3.3.0\bson-3.3.0.jar;C:\Users\18302\.m2\repository\org\mongodb\mongodb-driver-core\3.3.0\mongodb-driver-core-3.3.0.jar;C:\Users\18302\.m2\repository\org\jsoup\jsoup\1.9.2\jsoup-1.9.2.jar;C:\Users\18302\.m2\repository\org\seleniumhq\selenium\selenium-java\3.4.0\selenium-java-3.4.0.jar;C:\Users\18302\.m2\repository\cglib\cglib-nodep\3.2.4\cglib-nodep-3.2.4.jar;C:\Users\18302\.m2\repository\commons-codec\commons-codec\1.10\commons-codec-1.10.jar;C:\Users\18302\.m2\repository\commons-logging\commons-logging\1.2\commons-logging-1.2.jar;C:\Users\18302\.m2\repository\org\w3c\css\sac\1.3\sac-1.3.jar;C:\Users\18302\.m2\repository\net\sourceforge\cssparser\cssparser\0.9.22\cssparser-0.9.22.jar;C:\Users\18302\.m2\repository\org\hamcrest\hamcrest-core\1.3\hamcrest-core-1.3.jar;C:\Users\18302\.m2\repository\net\sourceforge\htmlunit\htmlunit\2.26\htmlunit-2.26.jar;C:\Users\18302\.m2\repository\net\sourceforge\htmlunit\htmlunit-core-js\2.26\htmlunit-core-js-2.26.jar;C:\Users\18302\.m2\repository\net\sourceforge\htmlunit\neko-htmlunit\2.25\neko-htmlunit-2.25.jar;C:\Users\18302\.m2\repository\org\apache\httpcomponents\httpcore\4.4.6\httpcore-4.4.6.jar;C:\Users\18302\.m2\repository\org\eclipse\jetty\jetty-io\9.4.1.v20170120\jetty-io-9.4.1.v20170120.jar;C:\Users\18302\.m2\repository\org\eclipse\jetty\jetty-util\9.4.1.v20170120\jetty-util-9.4.1.v20170120.jar;C:\Users\18302\.m2\repository\net\java\dev\jna\jna\4.1.0\jna-4.1.0.jar;C:\Users\18302\.m2\repository\net\java\dev\jna\jna-platform\4.1.0\jna-platform-4.1.0.jar;C:\Users\18302\.m2\repository\com\codeborne\phantomjsdriver\1.4.0\phantomjsdriver-1.4.0.jar;C:\Users\18302\.m2\repository\org\seleniumhq\selenium\htmlunit-driver\2.26\htmlunit-driver-2.26.jar;C:\Users\18302\.m2\repository\org\eclipse\jetty\websocket\websocket-api\9.4.3.v20170317\websocket-api-9.4.3.v20170317.jar;C:\Users\18302\.m2\repository\org\eclipse\jetty\websocket\websocket-client\9.4.3.v20170317\websocket-client-9.4.3.v20170317.jar;C:\Users\18302\.m2\repository\org\eclipse\jetty\websocket\websocket-common\9.4.3.v20170317\websocket-common-9.4.3.v20170317.jar;C:\Users\18302\.m2\repository\xalan\serializer\2.7.2\serializer-2.7.2.jar;C:\Users\18302\.m2\repository\xalan\xalan\2.7.2\xalan-2.7.2.jar;C:\Users\18302\.m2\repository\xerces\xercesImpl\2.11.0\xercesImpl-2.11.0.jar;C:\Users\18302\.m2\repository\xml-apis\xml-apis\1.4.01\xml-apis-1.4.01.jar;"/>
    <property name="java.vm.vendor" value="Oracle Corporation"/>
    <property name="sun.arch.data.model" value="64"/>
    <property name="user.variant" value=""/>
    <property name="java.vendor.url" value="http://java.oracle.com/"/>
    <property name="user.timezone" value="Asia/Shanghai"/>
    <property name="java.vm.specification.version" value="1.8"/>
    <property name="os.name" value="Windows 10"/>
    <property name="user.country" value="CN"/>
    <property name="sun.java.launcher" value="SUN_STANDARD"/>
    <property name="sun.boot.library.path" value="C:\Program Files\Java\jdk1.8.0_171\jre\bin"/>
    <property name="sun.java.command" value="C:\Users\18302\AppData\Local\Temp\surefire2219983907708302567\surefirebooter6368965032352580618.jar C:\Users\18302\AppData\Local\Temp\surefire2219983907708302567 2022-02-23T00-01-13_273-jvmRun1 surefire5712099860109874492tmp surefire_04079955980562076190tmp"/>
    <property name="surefire.test.class.path" value="C:\Users\18302\IdeaProjects\framework\target\test-classes;C:\Users\18302\IdeaProjects\framework\target\classes;C:\Users\18302\.m2\repository\org\junit\jupiter\junit-jupiter\5.7.0\junit-jupiter-5.7.0.jar;C:\Users\18302\.m2\repository\org\junit\jupiter\junit-jupiter-api\5.7.0\junit-jupiter-api-5.7.0.jar;C:\Users\18302\.m2\repository\org\opentest4j\opentest4j\1.2.0\opentest4j-1.2.0.jar;C:\Users\18302\.m2\repository\org\junit\platform\junit-platform-commons\1.7.0\junit-platform-commons-1.7.0.jar;C:\Users\18302\.m2\repository\org\junit\jupiter\junit-jupiter-params\5.7.0\junit-jupiter-params-5.7.0.jar;C:\Users\18302\.m2\repository\org\junit\jupiter\junit-jupiter-engine\5.7.0\junit-jupiter-engine-5.7.0.jar;C:\Users\18302\.m2\repository\org\junit\platform\junit-platform-runner\1.7.0\junit-platform-runner-1.7.0.jar;C:\Users\18302\.m2\repository\junit\junit\4.13\junit-4.13.jar;C:\Users\18302\.m2\repository\org\apiguardian\apiguardian-api\1.1.0\apiguardian-api-1.1.0.jar;C:\Users\18302\.m2\repository\org\junit\platform\junit-platform-suite-api\1.7.0\junit-platform-suite-api-1.7.0.jar;C:\Users\18302\.m2\repository\org\junit\platform\junit-platform-launcher\1.7.0\junit-platform-launcher-1.7.0.jar;C:\Users\18302\.m2\repository\org\junit\platform\junit-platform-engine\1.7.0\junit-platform-engine-1.7.0.jar;C:\Users\18302\.m2\repository\org\junit\platform\junit-platform-console-standalone\1.7.0\junit-platform-console-standalone-1.7.0.jar;C:\Users\18302\.m2\repository\io\qameta\allure\allure-junit5\2.13.2\allure-junit5-2.13.2.jar;C:\Users\18302\.m2\repository\io\qameta\allure\allure-junit-platform\2.13.2\allure-junit-platform-2.13.2.jar;C:\Users\18302\.m2\repository\org\projectlombok\lombok\1.18.20\lombok-1.18.20.jar;C:\Users\18302\.m2\repository\com\fasterxml\jackson\core\jackson-databind\2.9.8\jackson-databind-2.9.8.jar;C:\Users\18302\.m2\repository\com\fasterxml\jackson\core\jackson-annotations\2.9.0\jackson-annotations-2.9.0.jar;C:\Users\18302\.m2\repository\com\fasterxml\jackson\dataformat\jackson-dataformat-yaml\2.11.3\jackson-dataformat-yaml-2.11.3.jar;C:\Users\18302\.m2\repository\org\yaml\snakeyaml\1.26\snakeyaml-1.26.jar;C:\Users\18302\.m2\repository\org\seleniumhq\selenium\selenium-server\3.141.59\selenium-server-3.141.59.jar;C:\Users\18302\.m2\repository\org\seleniumhq\selenium\selenium-api\3.141.59\selenium-api-3.141.59.jar;C:\Users\18302\.m2\repository\org\seleniumhq\selenium\selenium-chrome-driver\3.141.59\selenium-chrome-driver-3.141.59.jar;C:\Users\18302\.m2\repository\org\seleniumhq\selenium\selenium-edge-driver\3.141.59\selenium-edge-driver-3.141.59.jar;C:\Users\18302\.m2\repository\org\seleniumhq\selenium\selenium-firefox-driver\3.141.59\selenium-firefox-driver-3.141.59.jar;C:\Users\18302\.m2\repository\org\seleniumhq\selenium\selenium-ie-driver\3.141.59\selenium-ie-driver-3.141.59.jar;C:\Users\18302\.m2\repository\org\seleniumhq\selenium\selenium-opera-driver\3.141.59\selenium-opera-driver-3.141.59.jar;C:\Users\18302\.m2\repository\org\seleniumhq\selenium\selenium-remote-driver\3.141.59\selenium-remote-driver-3.141.59.jar;C:\Users\18302\.m2\repository\org\seleniumhq\selenium\selenium-safari-driver\3.141.59\selenium-safari-driver-3.141.59.jar;C:\Users\18302\.m2\repository\org\seleniumhq\selenium\selenium-support\3.141.59\selenium-support-3.141.59.jar;C:\Users\18302\.m2\repository\com\beust\jcommander\1.72\jcommander-1.72.jar;C:\Users\18302\.m2\repository\net\bytebuddy\byte-buddy\1.8.15\byte-buddy-1.8.15.jar;C:\Users\18302\.m2\repository\org\apache\commons\commons-exec\1.3\commons-exec-1.3.jar;C:\Users\18302\.m2\repository\com\google\guava\guava\25.0-jre\guava-25.0-jre.jar;C:\Users\18302\.m2\repository\com\google\code\findbugs\jsr305\1.3.9\jsr305-1.3.9.jar;C:\Users\18302\.m2\repository\org\checkerframework\checker-compat-qual\2.0.0\checker-compat-qual-2.0.0.jar;C:\Users\18302\.m2\repository\com\google\errorprone\error_prone_annotations\2.1.3\error_prone_annotations-2.1.3.jar;C:\Users\18302\.m2\repository\com\google\j2objc\j2objc-annotations\1.1\j2objc-annotations-1.1.jar;C:\Users\18302\.m2\repository\org\codehaus\mojo\animal-sniffer-annotations\1.14\animal-sniffer-annotations-1.14.jar;C:\Users\18302\.m2\repository\net\jcip\jcip-annotations\1.0\jcip-annotations-1.0.jar;C:\Users\18302\.m2\repository\org\seleniumhq\selenium\jetty-repacked\9.4.12.v20180830\jetty-repacked-9.4.12.v20180830.jar;C:\Users\18302\.m2\repository\com\squareup\okhttp3\okhttp\3.11.0\okhttp-3.11.0.jar;C:\Users\18302\.m2\repository\com\squareup\okio\okio\1.14.0\okio-1.14.0.jar;C:\Users\18302\.m2\repository\javax\servlet\javax.servlet-api\3.1.0\javax.servlet-api-3.1.0.jar;C:\Users\18302\.m2\repository\org\testng\testng\6.10\testng-6.10.jar;C:\Users\18302\.m2\repository\com\opencsv\opencsv\5.2\opencsv-5.2.jar;C:\Users\18302\.m2\repository\org\apache\commons\commons-lang3\3.10\commons-lang3-3.10.jar;C:\Users\18302\.m2\repository\org\apache\commons\commons-text\1.8\commons-text-1.8.jar;C:\Users\18302\.m2\repository\commons-beanutils\commons-beanutils\1.9.4\commons-beanutils-1.9.4.jar;C:\Users\18302\.m2\repository\commons-collections\commons-collections\3.2.2\commons-collections-3.2.2.jar;C:\Users\18302\.m2\repository\org\apache\commons\commons-collections4\4.4\commons-collections4-4.4.jar;C:\Users\18302\.m2\repository\io\qameta\allure\allure-testng\2.13.6\allure-testng-2.13.6.jar;C:\Users\18302\.m2\repository\io\qameta\allure\allure-java-commons\2.13.6\allure-java-commons-2.13.6.jar;C:\Users\18302\.m2\repository\io\qameta\allure\allure-model\2.13.6\allure-model-2.13.6.jar;C:\Users\18302\.m2\repository\org\apache\tika\tika-core\1.24.1\tika-core-1.24.1.jar;C:\Users\18302\.m2\repository\org\jooq\joor-java-8\0.9.13\joor-java-8-0.9.13.jar;C:\Users\18302\.m2\repository\io\appium\java-client\7.5.1\java-client-7.5.1.jar;C:\Users\18302\.m2\repository\com\google\code\gson\gson\2.8.6\gson-2.8.6.jar;C:\Users\18302\.m2\repository\org\apache\httpcomponents\httpclient\4.5.13\httpclient-4.5.13.jar;C:\Users\18302\.m2\repository\cglib\cglib\3.3.0\cglib-3.3.0.jar;C:\Users\18302\.m2\repository\commons-validator\commons-validator\1.7\commons-validator-1.7.jar;C:\Users\18302\.m2\repository\commons-digester\commons-digester\2.1\commons-digester-2.1.jar;C:\Users\18302\.m2\repository\commons-io\commons-io\2.8.0\commons-io-2.8.0.jar;C:\Users\18302\.m2\repository\org\springframework\spring-context\5.3.4\spring-context-5.3.4.jar;C:\Users\18302\.m2\repository\org\springframework\spring-aop\5.3.4\spring-aop-5.3.4.jar;C:\Users\18302\.m2\repository\org\springframework\spring-beans\5.3.4\spring-beans-5.3.4.jar;C:\Users\18302\.m2\repository\org\springframework\spring-core\5.3.4\spring-core-5.3.4.jar;C:\Users\18302\.m2\repository\org\springframework\spring-jcl\5.3.4\spring-jcl-5.3.4.jar;C:\Users\18302\.m2\repository\org\springframework\spring-expression\5.3.4\spring-expression-5.3.4.jar;C:\Users\18302\.m2\repository\org\aspectj\aspectjweaver\1.9.6\aspectjweaver-1.9.6.jar;C:\Users\18302\.m2\repository\org\slf4j\slf4j-api\1.7.30\slf4j-api-1.7.30.jar;C:\Users\18302\.m2\repository\com\fasterxml\jackson\core\jackson-core\2.11.3\jackson-core-2.11.3.jar;C:\Users\18302\.m2\repository\io\rest-assured\rest-assured\4.4.0\rest-assured-4.4.0.jar;C:\Users\18302\.m2\repository\org\codehaus\groovy\groovy\3.0.8\groovy-3.0.8.jar;C:\Users\18302\.m2\repository\org\codehaus\groovy\groovy-xml\3.0.8\groovy-xml-3.0.8.jar;C:\Users\18302\.m2\repository\org\apache\httpcomponents\httpmime\4.5.13\httpmime-4.5.13.jar;C:\Users\18302\.m2\repository\org\hamcrest\hamcrest\2.1\hamcrest-2.1.jar;C:\Users\18302\.m2\repository\org\ccil\cowan\tagsoup\tagsoup\1.2.1\tagsoup-1.2.1.jar;C:\Users\18302\.m2\repository\io\rest-assured\xml-path\4.4.0\xml-path-4.4.0.jar;C:\Users\18302\.m2\repository\jakarta\xml\bind\jakarta.xml.bind-api\2.3.3\jakarta.xml.bind-api-2.3.3.jar;C:\Users\18302\.m2\repository\jakarta\activation\jakarta.activation-api\1.2.2\jakarta.activation-api-1.2.2.jar;C:\Users\18302\.m2\repository\com\sun\xml\bind\jaxb-impl\2.3.3\jaxb-impl-2.3.3.jar;C:\Users\18302\.m2\repository\io\rest-assured\json-path\4.4.0\json-path-4.4.0.jar;C:\Users\18302\.m2\repository\org\codehaus\groovy\groovy-json\3.0.8\groovy-json-3.0.8.jar;C:\Users\18302\.m2\repository\io\rest-assured\rest-assured-common\4.4.0\rest-assured-common-4.4.0.jar;C:\Users\18302\.m2\repository\org\slf4j\slf4j-log4j12\1.7.25\slf4j-log4j12-1.7.25.jar;C:\Users\18302\.m2\repository\log4j\log4j\1.2.17\log4j-1.2.17.jar;C:\Users\18302\.m2\repository\com\github\tomakehurst\wiremock-jre8\2.28.0\wiremock-jre8-2.28.0.jar;C:\Users\18302\.m2\repository\org\eclipse\jetty\jetty-server\9.4.40.v20210413\jetty-server-9.4.40.v20210413.jar;C:\Users\18302\.m2\repository\org\eclipse\jetty\jetty-http\9.4.40.v20210413\jetty-http-9.4.40.v20210413.jar;C:\Users\18302\.m2\repository\org\eclipse\jetty\jetty-servlet\9.4.40.v20210413\jetty-servlet-9.4.40.v20210413.jar;C:\Users\18302\.m2\repository\org\eclipse\jetty\jetty-security\9.4.40.v20210413\jetty-security-9.4.40.v20210413.jar;C:\Users\18302\.m2\repository\org\eclipse\jetty\jetty-util-ajax\9.4.40.v20210413\jetty-util-ajax-9.4.40.v20210413.jar;C:\Users\18302\.m2\repository\org\eclipse\jetty\jetty-servlets\9.4.40.v20210413\jetty-servlets-9.4.40.v20210413.jar;C:\Users\18302\.m2\repository\org\eclipse\jetty\jetty-continuation\9.4.40.v20210413\jetty-continuation-9.4.40.v20210413.jar;C:\Users\18302\.m2\repository\org\eclipse\jetty\jetty-webapp\9.4.40.v20210413\jetty-webapp-9.4.40.v20210413.jar;C:\Users\18302\.m2\repository\org\eclipse\jetty\jetty-xml\9.4.40.v20210413\jetty-xml-9.4.40.v20210413.jar;C:\Users\18302\.m2\repository\org\eclipse\jetty\jetty-proxy\9.4.40.v20210413\jetty-proxy-9.4.40.v20210413.jar;C:\Users\18302\.m2\repository\org\eclipse\jetty\jetty-client\9.4.40.v20210413\jetty-client-9.4.40.v20210413.jar;C:\Users\18302\.m2\repository\org\eclipse\jetty\http2\http2-server\9.4.40.v20210413\http2-server-9.4.40.v20210413.jar;C:\Users\18302\.m2\repository\org\eclipse\jetty\http2\http2-common\9.4.40.v20210413\http2-common-9.4.40.v20210413.jar;C:\Users\18302\.m2\repository\org\eclipse\jetty\http2\http2-hpack\9.4.40.v20210413\http2-hpack-9.4.40.v20210413.jar;C:\Users\18302\.m2\repository\org\eclipse\jetty\jetty-alpn-server\9.4.40.v20210413\jetty-alpn-server-9.4.40.v20210413.jar;C:\Users\18302\.m2\repository\org\eclipse\jetty\jetty-alpn-conscrypt-server\9.4.40.v20210413\jetty-alpn-conscrypt-server-9.4.40.v20210413.jar;C:\Users\18302\.m2\repository\org\eclipse\jetty\jetty-alpn-conscrypt-client\9.4.40.v20210413\jetty-alpn-conscrypt-client-9.4.40.v20210413.jar;C:\Users\18302\.m2\repository\org\eclipse\jetty\jetty-alpn-client\9.4.40.v20210413\jetty-alpn-client-9.4.40.v20210413.jar;C:\Users\18302\.m2\repository\org\conscrypt\conscrypt-openjdk-uber\2.5.2\conscrypt-openjdk-uber-2.5.2.jar;C:\Users\18302\.m2\repository\org\xmlunit\xmlunit-core\2.8.2\xmlunit-core-2.8.2.jar;C:\Users\18302\.m2\repository\org\xmlunit\xmlunit-legacy\2.8.2\xmlunit-legacy-2.8.2.jar;C:\Users\18302\.m2\repository\org\xmlunit\xmlunit-placeholders\2.8.2\xmlunit-placeholders-2.8.2.jar;C:\Users\18302\.m2\repository\net\javacrumbs\json-unit\json-unit-core\2.25.0\json-unit-core-2.25.0.jar;C:\Users\18302\.m2\repository\com\jayway\jsonpath\json-path\2.5.0\json-path-2.5.0.jar;C:\Users\18302\.m2\repository\net\minidev\json-smart\2.4.7\json-smart-2.4.7.jar;C:\Users\18302\.m2\repository\net\minidev\accessors-smart\2.4.7\accessors-smart-2.4.7.jar;C:\Users\18302\.m2\repository\org\ow2\asm\asm\9.1\asm-9.1.jar;C:\Users\18302\.m2\repository\net\sf\jopt-simple\jopt-simple\5.0.4\jopt-simple-5.0.4.jar;C:\Users\18302\.m2\repository\com\github\jknack\handlebars\4.2.0\handlebars-4.2.0.jar;C:\Users\18302\.m2\repository\com\github\jknack\handlebars-helpers\4.2.0\handlebars-helpers-4.2.0.jar;C:\Users\18302\.m2\repository\commons-fileupload\commons-fileupload\1.4\commons-fileupload-1.4.jar;C:\Users\18302\.m2\repository\net\lightbody\bmp\browsermob-core\2.1.5\browsermob-core-2.1.5.jar;C:\Users\18302\.m2\repository\net\lightbody\bmp\littleproxy\1.1.0-beta-bmp-17\littleproxy-1.1.0-beta-bmp-17.jar;C:\Users\18302\.m2\repository\dnsjava\dnsjava\2.1.8\dnsjava-2.1.8.jar;C:\Users\18302\.m2\repository\org\slf4j\jcl-over-slf4j\1.7.25\jcl-over-slf4j-1.7.25.jar;C:\Users\18302\.m2\repository\com\jcraft\jzlib\1.1.3\jzlib-1.1.3.jar;C:\Users\18302\.m2\repository\io\netty\netty-all\4.0.51.Final\netty-all-4.0.51.Final.jar;C:\Users\18302\.m2\repository\org\bouncycastle\bcprov-jdk15on\1.58\bcprov-jdk15on-1.58.jar;C:\Users\18302\.m2\repository\org\bouncycastle\bcpkix-jdk15on\1.58\bcpkix-jdk15on-1.58.jar;C:\Users\18302\.m2\repository\net\lightbody\bmp\mitm\2.1.5\mitm-2.1.5.jar;C:\Users\18302\.m2\repository\com\alibaba\fastjson\1.2.7\fastjson-1.2.7.jar;C:\Users\18302\.m2\repository\com\aventstack\extentreports\3.0.3\extentreports-3.0.3.jar;C:\Users\18302\.m2\repository\org\freemarker\freemarker\2.3.23\freemarker-2.3.23.jar;C:\Users\18302\.m2\repository\org\mongodb\mongodb-driver\3.3.0\mongodb-driver-3.3.0.jar;C:\Users\18302\.m2\repository\org\mongodb\bson\3.3.0\bson-3.3.0.jar;C:\Users\18302\.m2\repository\org\mongodb\mongodb-driver-core\3.3.0\mongodb-driver-core-3.3.0.jar;C:\Users\18302\.m2\repository\org\jsoup\jsoup\1.9.2\jsoup-1.9.2.jar;C:\Users\18302\.m2\repository\org\seleniumhq\selenium\selenium-java\3.4.0\selenium-java-3.4.0.jar;C:\Users\18302\.m2\repository\cglib\cglib-nodep\3.2.4\cglib-nodep-3.2.4.jar;C:\Users\18302\.m2\repository\commons-codec\commons-codec\1.10\commons-codec-1.10.jar;C:\Users\18302\.m2\repository\commons-logging\commons-logging\1.2\commons-logging-1.2.jar;C:\Users\18302\.m2\repository\org\w3c\css\sac\1.3\sac-1.3.jar;C:\Users\18302\.m2\repository\net\sourceforge\cssparser\cssparser\0.9.22\cssparser-0.9.22.jar;C:\Users\18302\.m2\repository\org\hamcrest\hamcrest-core\1.3\hamcrest-core-1.3.jar;C:\Users\18302\.m2\repository\net\sourceforge\htmlunit\htmlunit\2.26\htmlunit-2.26.jar;C:\Users\18302\.m2\repository\net\sourceforge\htmlunit\htmlunit-core-js\2.26\htmlunit-core-js-2.26.jar;C:\Users\18302\.m2\repository\net\sourceforge\htmlunit\neko-htmlunit\2.25\neko-htmlunit-2.25.jar;C:\Users\18302\.m2\repository\org\apache\httpcomponents\httpcore\4.4.6\httpcore-4.4.6.jar;C:\Users\18302\.m2\repository\org\eclipse\jetty\jetty-io\9.4.1.v20170120\jetty-io-9.4.1.v20170120.jar;C:\Users\18302\.m2\repository\org\eclipse\jetty\jetty-util\9.4.1.v20170120\jetty-util-9.4.1.v20170120.jar;C:\Users\18302\.m2\repository\net\java\dev\jna\jna\4.1.0\jna-4.1.0.jar;C:\Users\18302\.m2\repository\net\java\dev\jna\jna-platform\4.1.0\jna-platform-4.1.0.jar;C:\Users\18302\.m2\repository\com\codeborne\phantomjsdriver\1.4.0\phantomjsdriver-1.4.0.jar;C:\Users\18302\.m2\repository\org\seleniumhq\selenium\htmlunit-driver\2.26\htmlunit-driver-2.26.jar;C:\Users\18302\.m2\repository\org\eclipse\jetty\websocket\websocket-api\9.4.3.v20170317\websocket-api-9.4.3.v20170317.jar;C:\Users\18302\.m2\repository\org\eclipse\jetty\websocket\websocket-client\9.4.3.v20170317\websocket-client-9.4.3.v20170317.jar;C:\Users\18302\.m2\repository\org\eclipse\jetty\websocket\websocket-common\9.4.3.v20170317\websocket-common-9.4.3.v20170317.jar;C:\Users\18302\.m2\repository\xalan\serializer\2.7.2\serializer-2.7.2.jar;C:\Users\18302\.m2\repository\xalan\xalan\2.7.2\xalan-2.7.2.jar;C:\Users\18302\.m2\repository\xerces\xercesImpl\2.11.0\xercesImpl-2.11.0.jar;C:\Users\18302\.m2\repository\xml-apis\xml-apis\1.4.01\xml-apis-1.4.01.jar;"/>
    <property name="sun.cpu.endian" value="little"/>
    <property name="user.home" value="C:\Users\18302"/>
    <property name="user.language" value="zh"/>
    <property name="java.specification.vendor" value="Oracle Corporation"/>
    <property name="java.home" value="C:\Program Files\Java\jdk1.8.0_171\jre"/>
    <property name="basedir" value="C:\Users\18302\IdeaProjects\framework"/>
    <property name="file.separator" value="\"/>
    <property name="line.separator" value="&#10;"/>
    <property name="java.vm.specification.vendor" value="Oracle Corporation"/>
    <property name="java.specification.name" value="Java Platform API Specification"/>
    <property name="java.awt.graphicsenv" value="sun.awt.Win32GraphicsEnvironment"/>
    <property name="surefire.real.class.path" value="C:\Users\18302\AppData\Local\Temp\surefire2219983907708302567\surefirebooter6368965032352580618.jar;C:\Users\18302\.m2\repository/org/aspectj/aspectjweaver/1.9.6/aspectjweaver-1.9.6.jar"/>
    <property name="sun.boot.class.path" value="C:\Program Files\Java\jdk1.8.0_171\jre\lib\resources.jar;C:\Program Files\Java\jdk1.8.0_171\jre\lib\rt.jar;C:\Program Files\Java\jdk1.8.0_171\jre\lib\sunrsasign.jar;C:\Program Files\Java\jdk1.8.0_171\jre\lib\jsse.jar;C:\Program Files\Java\jdk1.8.0_171\jre\lib\jce.jar;C:\Program Files\Java\jdk1.8.0_171\jre\lib\charsets.jar;C:\Program Files\Java\jdk1.8.0_171\jre\lib\jfr.jar;C:\Program Files\Java\jdk1.8.0_171\jre\classes"/>
    <property name="user.script" value=""/>
    <property name="sun.management.compiler" value="HotSpot 64-Bit Tiered Compilers"/>
    <property name="java.runtime.version" value="1.8.0_171-b11"/>
    <property name="user.name" value="Moso"/>
    <property name="path.separator" value=";"/>
    <property name="os.version" value="10.0"/>
    <property name="java.endorsed.dirs" value="C:\Program Files\Java\jdk1.8.0_171\jre\lib\endorsed"/>
    <property name="java.runtime.name" value="Java(TM) SE Runtime Environment"/>
    <property name="file.encoding" value="GBK"/>
    <property name="java.vm.name" value="Java HotSpot(TM) 64-Bit Server VM"/>
    <property name="localRepository" value="C:\Users\18302\.m2\repository"/>
    <property name="java.vendor.url.bug" value="http://bugreport.sun.com/bugreport/"/>
    <property name="java.io.tmpdir" value="C:\Users\18302\AppData\Local\Temp\"/>
    <property name="java.version" value="1.8.0_171"/>
    <property name="user.dir" value="C:\Users\18302\IdeaProjects\framework"/>
    <property name="os.arch" value="amd64"/>
    <property name="java.vm.specification.name" value="Java Virtual Machine Specification"/>
    <property name="java.awt.printerjob" value="sun.awt.windows.WPrinterJob"/>
    <property name="sun.os.patch.level" value=""/>
    <property name="java.library.path" value="C:\Program Files\Java\jdk1.8.0_171\jre\bin;C:\WINDOWS\Sun\Java\bin;C:\WINDOWS\system32;C:\WINDOWS;D:\apache-maven-3.6.3/bin;C:\Program Files\Java\jdk1.8.0_171/bin;C:\Program Files\Java\jdk1.8.0_171/bin;C:\Program Files (x86)\Common Files\Oracle\Java\javapath;C:\WINDOWS\system32;C:\WINDOWS;C:\WINDOWS\System32\Wbem;C:\WINDOWS\System32\WindowsPowerShell\v1.0\;C:\Program Files\Java\jdk1.8.0_171\bin;C:\Program Files\Java\jdk1.8.0_171\jre\bin;D:\Git\cmd;C:\Program Files\nodejs;D:\android-sdk-windows\platform-tools;D:\android-sdk-windows\tools;D:\CMake\bin;D:\apache-maven-3.6.3\bin;C:\WINDOWS\System32\OpenSSH\;C:\Python\Python39;C:\Python\Python39\Scripts;D:\allure-2.14.0\bin;C:\Program Files\Docker\Docker\resources\bin;C:\ProgramData\DockerDesktop\version-bin;D:\PuTTY\;C:\Program Files (x86)\NetSarang\Xftp 7\;C:\Program Files (x86)\NetSarang\Xshell 7\;C:\Users\18302\AppData\Local\Programs\Python\Python39\Scripts\;C:\Users\18302\AppData\Local\Programs\Python\Python39\;D:\Ruby27-x64\bin;C:\Users\18302\AppData\Local\Microsoft\WindowsApps;C:\Users\18302\AppData\Roaming\npm;;C:\Users\18302\AppData\Local\Programs\Fiddler;."/>
    <property name="junit.jupiter.extensions.autodetection.enabled" value="true"/>
    <property name="java.vm.info" value="mixed mode"/>
    <property name="java.vendor" value="Oracle Corporation"/>
    <property name="java.vm.version" value="25.171-b11"/>
    <property name="java.ext.dirs" value="C:\Program Files\Java\jdk1.8.0_171\jre\lib\ext;C:\WINDOWS\Sun\Java\lib\ext"/>
    <property name="sun.io.unicode.encoding" value="UnicodeLittle"/>
    <property name="java.class.version" value="52.0"/>
  </properties>
  <testcase name="searchUser" classname="AI.Test.UITest.ManagerUITest" time="3.883">
    <error message="session not created: This version of ChromeDriver only supports Chrome version 95&#10;Current browser version is 98.0.4758.102 with binary path C:\Program Files\Google\Chrome\Application\chrome.exe&#10;Build info: version: &apos;3.141.59&apos;, revision: &apos;e82be7d358&apos;, time: &apos;2018-11-14T08:17:03&apos;&#10;System info: host: &apos;DESKTOP-LBAFN98&apos;, ip: &apos;192.168.56.1&apos;, os.name: &apos;Windows 10&apos;, os.arch: &apos;amd64&apos;, os.version: &apos;10.0&apos;, java.version: &apos;1.8.0_171&apos;&#10;Driver info: driver.version: ChromeDriver&#10;remote stacktrace: Backtrace:&#10;	Ordinal0 [0x00A83AB3+2505395]&#10;	Ordinal0 [0x00A1AE41+2076225]&#10;	Ordinal0 [0x00922498+1057944]&#10;	Ordinal0 [0x00940841+1181761]&#10;	Ordinal0 [0x0093C64B+1164875]&#10;	Ordinal0 [0x00939EBF+1154751]&#10;	Ordinal0 [0x0096A02F+1351727]&#10;	Ordinal0 [0x00969C9A+1350810]&#10;	Ordinal0 [0x009658BB+1333435]&#10;	Ordinal0 [0x009423E4+1188836]&#10;	Ordinal0 [0x0094323F+1192511]&#10;	GetHandleVerifier [0x00C0CB36+1554566]&#10;	GetHandleVerifier [0x00CB4A0C+2242396]&#10;	GetHandleVerifier [0x00B10E0B+523099]&#10;	GetHandleVerifier [0x00B0FEB0+519168]&#10;	Ordinal0 [0x00A202FD+2097917]&#10;	Ordinal0 [0x00A24388+2114440]&#10;	Ordinal0 [0x00A244C2+2114754]&#10;	Ordinal0 [0x00A2E041+2154561]&#10;	BaseThreadInitThunk [0x7634FA29+25]&#10;	RtlGetAppContainerNamedObjectPath [0x77B07A9E+286]&#10;	RtlGetAppContainerNamedObjectPath [0x77B07A6E+238]&#10;" type="org.openqa.selenium.SessionNotCreatedException">org.openqa.selenium.SessionNotCreatedException: 
session not created: This version of ChromeDriver only supports Chrome version 95
Current browser version is 98.0.4758.102 with binary path C:\Program Files\Google\Chrome\Application\chrome.exe
Build info: version: '3.141.59', revision: 'e82be7d358', time: '2018-11-14T08:17:03'
System info: host: 'DESKTOP-LBAFN98', ip: '192.168.56.1', os.name: 'Windows 10', os.arch: 'amd64', os.version: '10.0', java.version: '1.8.0_171'
Driver info: driver.version: ChromeDriver
remote stacktrace: Backtrace:
	Ordinal0 [0x00A83AB3+2505395]
	Ordinal0 [0x00A1AE41+2076225]
	Ordinal0 [0x00922498+1057944]
	Ordinal0 [0x00940841+1181761]
	Ordinal0 [0x0093C64B+1164875]
	Ordinal0 [0x00939EBF+1154751]
	Ordinal0 [0x0096A02F+1351727]
	Ordinal0 [0x00969C9A+1350810]
	Ordinal0 [0x009658BB+1333435]
	Ordinal0 [0x009423E4+1188836]
	Ordinal0 [0x0094323F+1192511]
	GetHandleVerifier [0x00C0CB36+1554566]
	GetHandleVerifier [0x00CB4A0C+2242396]
	GetHandleVerifier [0x00B10E0B+523099]
	GetHandleVerifier [0x00B0FEB0+519168]
	Ordinal0 [0x00A202FD+2097917]
	Ordinal0 [0x00A24388+2114440]
	Ordinal0 [0x00A244C2+2114754]
	Ordinal0 [0x00A2E041+2154561]
	BaseThreadInitThunk [0x7634FA29+25]
	RtlGetAppContainerNamedObjectPath [0x77B07A9E+286]
	RtlGetAppContainerNamedObjectPath [0x77B07A6E+238]

	at AI.Test.UITest.ManagerUITest.searchUser(ManagerUITest.java:37)
</error>
  </testcase>
</testsuite>